2025-06-19 03:37:10 +0000  Initial pipeline context: <IDEDistributionProcessingPipelineContext: 0x3417dcb10; archive(resolved)="<IDEArchive: 0x60003cf79ab0>", distributionTask(resolved)="2", distributionDestination(resolved)="1", distributionMethod(resolved)="<IDEDistributionMethodiOSAdHoc: 0x6000065ec750>", team(resolved)="<IDEProvisioningDisambiguatableBasicTeam: 0x600007f0f4c0; teamID='358UF6MCG5', teamName='Kaito Pte. Ltd.', teamType='Company', username='weizhen@kaito.ai', isFreeProvisioningTeam='0'>">
	Chain (15, self inclusive):
	<IDEDistributionProcessingPipelineContext: 0x3417dcb10; archive = "<IDEArchive: 0x60003cf79ab0>", distributionMethod="<IDEDistributionMethodiOSAdHoc: 0x6000065ec750>", team="<IDEProvisioningDisambiguatableBasicTeam: 0x600007f0f4c0; teamID='358UF6MCG5', teamName='Kaito Pte. Ltd.', teamType='Company', username='weizhen@kaito.ai', isFreeProvisioningTeam='0'>">
	<IDEDistributionProcessingPipelineContext: 0x34130ea80; archive = "<IDEArchive: 0x60003cf79ab0>", distributionMethod="<IDEDistributionMethodiOSAdHoc: 0x6000065ec750>", team="<IDEProvisioningDisambiguatableBasicTeam: 0x600007f0f4c0; teamID='358UF6MCG5', teamName='Kaito Pte. Ltd.', teamType='Company', username='weizhen@kaito.ai', isFreeProvisioningTeam='0'>">
	<IDEDistributionContext: 0x357fd9020; archive = "<IDEArchive: 0x60003cf79ab0>", distributionMethod="<IDEDistributionMethodiOSAdHoc: 0x6000065ec750>", team="<IDEProvisioningDisambiguatableBasicTeam: 0x600007f0f4c0; teamID='358UF6MCG5', teamName='Kaito Pte. Ltd.', teamType='Company', username='weizhen@kaito.ai', isFreeProvisioningTeam='0'>">
	<IDEDistributionContext: 0x34cde94f0; archive = "<IDEArchive: 0x60003cf79ab0>", distributionMethod="<IDEDistributionMethodiOSAdHoc: 0x6000065ec750>", team="<IDEProvisioningDisambiguatableBasicTeam: 0x600007f0f4c0; teamID='358UF6MCG5', teamName='Kaito Pte. Ltd.', teamType='Company', username='weizhen@kaito.ai', isFreeProvisioningTeam='0'>">
	<IDEDistributionContext: 0x3075e6060; archive = "<IDEArchive: 0x60003cf79ab0>", distributionMethod="<IDEDistributionMethodiOSAdHoc: 0x6000065ec750>", team="<IDEProvisioningDisambiguatableBasicTeam: 0x600007f0f4c0; teamID='358UF6MCG5', teamName='Kaito Pte. Ltd.', teamType='Company', username='weizhen@kaito.ai', isFreeProvisioningTeam='0'>">
	<IDEDistributionContext: 0x34bd28020; archive = "<IDEArchive: 0x60003cf79ab0>", distributionMethod="<IDEDistributionMethodiOSAdHoc: 0x6000065ec750>", team="<IDEProvisioningDisambiguatableBasicTeam: 0x600007f0f4c0; teamID='358UF6MCG5', teamName='Kaito Pte. Ltd.', teamType='Company', username='weizhen@kaito.ai', isFreeProvisioningTeam='0'>">
	<IDEDistributionContext: 0x363cad6a0; archive = "<IDEArchive: 0x60003cf79ab0>", distributionMethod="<IDEDistributionMethodiOSAdHoc: 0x6000065ec750>", team="<IDEProvisioningDisambiguatableBasicTeam: 0x600007f0f4c0; teamID='358UF6MCG5', teamName='Kaito Pte. Ltd.', teamType='Company', username='weizhen@kaito.ai', isFreeProvisioningTeam='0'>">
	<IDEDistributionContext: 0x3441eecd0; archive = "<IDEArchive: 0x60003cf79ab0>", distributionMethod="<IDEDistributionMethodiOSAdHoc: 0x6000065ec750>", team="<IDEProvisioningDisambiguatableBasicTeam: 0x600007f0f4c0; teamID='358UF6MCG5', teamName='Kaito Pte. Ltd.', teamType='Company', username='weizhen@kaito.ai', isFreeProvisioningTeam='0'>">
	<IDEDistributionContext: 0x357ef8390; archive = "<IDEArchive: 0x60003cf79ab0>", distributionMethod="<IDEDistributionMethodiOSAdHoc: 0x6000065ec750>", team="<IDEProvisioningDisambiguatableBasicTeam: 0x600007f0f4c0; teamID='358UF6MCG5', teamName='Kaito Pte. Ltd.', teamType='Company', username='weizhen@kaito.ai', isFreeProvisioningTeam='0'>">
	<IDEDistributionContext: 0x357ea1510; archive = "<IDEArchive: 0x60003cf79ab0>", distributionMethod="<IDEDistributionMethodiOSAdHoc: 0x6000065ec750>", team="(null)">
	<IDEDistributionContext: 0x36762c790; archive = "<IDEArchive: 0x60003cf79ab0>", distributionMethod="<IDEDistributionMethodiOSAdHoc: 0x6000065ec750>", team="(null)">
	<IDEDistributionContext: 0x33ab88560; archive = "<IDEArchive: 0x60003cf79ab0>", distributionMethod="<IDEDistributionMethodiOSAdHoc: 0x6000065ec750>", team="(null)">
	<IDEDistributionContext: 0x146fdaf30; archive = "<IDEArchive: 0x60003cf79ab0>", distributionMethod="<IDEDistributionMethodiOSAdHoc: 0x6000065ec750>", team="(null)">
	<IDEDistributionContext: 0x3075eb5a0; archive = "<IDEArchive: 0x60003cf79ab0>", distributionMethod="(null)", team="(null)">
	<IDEDistributionContext: 0x35973b3b0; archive = "<IDEArchive: 0x60003cf79ab0>", distributionMethod="(null)", team="(null)">
</IDEDistributionProcessingPipelineContext: 0x3417dcb10>
2025-06-19 03:37:10 +0000  Processing step: IDEDistributionCreateDestRootStep
2025-06-19 03:37:10 +0000  Processing step: IDEDistributionCopyItemStep
2025-06-19 03:37:10 +0000  Running /usr/bin/ditto '-V' '/Users/daliu_kt/Library/Developer/Xcode/Archives/2025-06-19/KaitoYaps 2025-6-19, 11.36.xcarchive/Products/Applications/KaitoYaps.app' '/var/folders/c8/_pmcyjjd4mgb5d0mwrt5f32c0000gn/T/XcodeDistPipeline.~~~LC293c/Root/Payload/KaitoYaps.app'
2025-06-19 03:37:10 +0000  >>> Copying /Users/daliu_kt/Library/Developer/Xcode/Archives/2025-06-19/KaitoYaps 2025-6-19, 11.36.xcarchive/Products/Applications/KaitoYaps.app 
2025-06-19 03:37:10 +0000  copying file ./_CodeSignature/CodeResources ... 
2025-06-19 03:37:10 +0000  39731 bytes for ./_CodeSignature/CodeResources
2025-06-19 03:37:10 +0000  copying file ./KaitoYaps ... 
2025-06-19 03:37:10 +0000  13965072 bytes for ./KaitoYaps
2025-06-19 03:37:10 +0000  copying file ./glog_privacy.bundle/Info.plist ... 
2025-06-19 03:37:10 +0000  769 bytes for ./glog_privacy.bundle/Info.plist
2025-06-19 03:37:10 +0000  copying file ./React-cxxreact_privacy.bundle/PrivacyInfo.xcprivacy ... 
2025-06-19 03:37:10 +0000  552 bytes for ./React-cxxreact_privacy.bundle/PrivacyInfo.xcprivacy
2025-06-19 03:37:10 +0000  copying file ./React-cxxreact_privacy.bundle/Info.plist ... 
2025-06-19 03:37:10 +0000  792 bytes for ./React-cxxreact_privacy.bundle/Info.plist
2025-06-19 03:37:10 +0000  copying file ./RCT-Folly_privacy.bundle/Info.plist ... 
2025-06-19 03:37:10 +0000  786 bytes for ./RCT-Folly_privacy.bundle/Info.plist
2025-06-19 03:37:10 +0000  copying file ./main.jsbundle ... 
2025-06-19 03:37:10 +0000  4529647 bytes for ./main.jsbundle
2025-06-19 03:37:10 +0000  copying file ./PrivacyInfo.xcprivacy ... 
2025-06-19 03:37:10 +0000  408 bytes for ./PrivacyInfo.xcprivacy
2025-06-19 03:37:10 +0000  copying file ./LaunchScreen.storyboardc/01J-lp-oVM-view-Ze5-6b-2t3.nib ... 
2025-06-19 03:37:10 +0000  3817 bytes for ./LaunchScreen.storyboardc/01J-lp-oVM-view-Ze5-6b-2t3.nib
2025-06-19 03:37:10 +0000  copying file ./LaunchScreen.storyboardc/UIViewController-01J-lp-oVM.nib ... 
2025-06-19 03:37:10 +0000  924 bytes for ./LaunchScreen.storyboardc/UIViewController-01J-lp-oVM.nib
2025-06-19 03:37:10 +0000  copying file ./LaunchScreen.storyboardc/Info.plist ... 
2025-06-19 03:37:10 +0000  258 bytes for ./LaunchScreen.storyboardc/Info.plist
2025-06-19 03:37:10 +0000  copying file ./RNSVGFilters.bundle/RNSVGArithmeticFilter.iphoneos.metallib ... 
2025-06-19 03:37:10 +0000  3993 bytes for ./RNSVGFilters.bundle/RNSVGArithmeticFilter.iphoneos.metallib
2025-06-19 03:37:10 +0000  copying file ./RNSVGFilters.bundle/RNSVGCompositeXor.iphoneos.metallib ... 
2025-06-19 03:37:10 +0000  3509 bytes for ./RNSVGFilters.bundle/RNSVGCompositeXor.iphoneos.metallib
2025-06-19 03:37:10 +0000  copying file ./RNSVGFilters.bundle/Info.plist ... 
2025-06-19 03:37:10 +0000  771 bytes for ./RNSVGFilters.bundle/Info.plist
2025-06-19 03:37:10 +0000  copying file ./boost_privacy.bundle/Info.plist ... 
2025-06-19 03:37:10 +0000  772 bytes for ./boost_privacy.bundle/Info.plist
2025-06-19 03:37:10 +0000  copying file ./Frameworks/hermes.framework/_CodeSignature/CodeResources ... 
2025-06-19 03:37:10 +0000  1798 bytes for ./Frameworks/hermes.framework/_CodeSignature/CodeResources
2025-06-19 03:37:10 +0000  copying file ./Frameworks/hermes.framework/hermes ... 
2025-06-19 03:37:10 +0000  4673168 bytes for ./Frameworks/hermes.framework/hermes
2025-06-19 03:37:10 +0000  copying file ./Frameworks/hermes.framework/Info.plist ... 
2025-06-19 03:37:10 +0000  859 bytes for ./Frameworks/hermes.framework/Info.plist
2025-06-19 03:37:10 +0000  copying file ./embedded.mobileprovision ... 
2025-06-19 03:37:10 +0000  20359 bytes for ./embedded.mobileprovision
2025-06-19 03:37:10 +0000  copying file ./assets/node_modules/@react-navigation/elements/lib/module/assets/back-icon@3x.png ... 
2025-06-19 03:37:10 +0000  761 bytes for ./assets/node_modules/@react-navigation/elements/lib/module/assets/back-icon@3x.png
2025-06-19 03:37:10 +0000  copying file ./assets/node_modules/@react-navigation/elements/lib/module/assets/back-icon@2x.png ... 
2025-06-19 03:37:10 +0000  405 bytes for ./assets/node_modules/@react-navigation/elements/lib/module/assets/back-icon@2x.png
2025-06-19 03:37:10 +0000  copying file ./assets/node_modules/@react-navigation/elements/lib/module/assets/search-icon@2x.png ... 
2025-06-19 03:37:10 +0000  589 bytes for ./assets/node_modules/@react-navigation/elements/lib/module/assets/search-icon@2x.png
2025-06-19 03:37:10 +0000  copying file ./assets/node_modules/@react-navigation/elements/lib/module/assets/clear-icon@3x.png ... 
2025-06-19 03:37:10 +0000  502 bytes for ./assets/node_modules/@react-navigation/elements/lib/module/assets/clear-icon@3x.png
2025-06-19 03:37:10 +0000  copying file ./assets/node_modules/@react-navigation/elements/lib/module/assets/back-icon.png ... 
2025-06-19 03:37:10 +0000  290 bytes for ./assets/node_modules/@react-navigation/elements/lib/module/assets/back-icon.png
2025-06-19 03:37:10 +0000  copying file ./assets/node_modules/@react-navigation/elements/lib/module/assets/clear-icon@2x.png ... 
2025-06-19 03:37:10 +0000  334 bytes for ./assets/node_modules/@react-navigation/elements/lib/module/assets/clear-icon@2x.png
2025-06-19 03:37:10 +0000  copying file ./assets/node_modules/@react-navigation/elements/lib/module/assets/search-icon@3x.png ... 
2025-06-19 03:37:10 +0000  839 bytes for ./assets/node_modules/@react-navigation/elements/lib/module/assets/search-icon@3x.png
2025-06-19 03:37:10 +0000  copying file ./assets/node_modules/@react-navigation/elements/lib/module/assets/close-icon.png ... 
2025-06-19 03:37:10 +0000  141 bytes for ./assets/node_modules/@react-navigation/elements/lib/module/assets/close-icon.png
2025-06-19 03:37:10 +0000  copying file ./assets/node_modules/@react-navigation/elements/lib/module/assets/back-icon-mask.png ... 
2025-06-19 03:37:10 +0000  653 bytes for ./assets/node_modules/@react-navigation/elements/lib/module/assets/back-icon-mask.png
2025-06-19 03:37:10 +0000  copying file ./assets/node_modules/@react-navigation/elements/lib/module/assets/close-icon@2x.png ... 
2025-06-19 03:37:10 +0000  201 bytes for ./assets/node_modules/@react-navigation/elements/lib/module/assets/close-icon@2x.png
2025-06-19 03:37:10 +0000  copying file ./assets/node_modules/@react-navigation/elements/lib/module/assets/close-icon@3x.png ... 
2025-06-19 03:37:10 +0000  266 bytes for ./assets/node_modules/@react-navigation/elements/lib/module/assets/close-icon@3x.png
2025-06-19 03:37:10 +0000  copying file ./assets/node_modules/@react-navigation/elements/lib/module/assets/clear-icon.png ... 
2025-06-19 03:37:10 +0000  220 bytes for ./assets/node_modules/@react-navigation/elements/lib/module/assets/clear-icon.png
2025-06-19 03:37:10 +0000  copying file ./assets/node_modules/@react-navigation/elements/lib/module/assets/search-icon.png ... 
2025-06-19 03:37:10 +0000  317 bytes for ./assets/node_modules/@react-navigation/elements/lib/module/assets/search-icon.png
2025-06-19 03:37:10 +0000  copying file ./assets/node_modules/react-native-paper/src/assets/back-chevron.png ... 
2025-06-19 03:37:10 +0000  489 bytes for ./assets/node_modules/react-native-paper/src/assets/back-chevron.png
2025-06-19 03:37:10 +0000  copying file ./assets/src/assets/images/icon_back.png ... 
2025-06-19 03:37:10 +0000  216 bytes for ./assets/src/assets/images/icon_back.png
2025-06-19 03:37:10 +0000  copying file ./assets/src/assets/images/icon_back@3x.png ... 
2025-06-19 03:37:10 +0000  483 bytes for ./assets/src/assets/images/icon_back@3x.png
2025-06-19 03:37:10 +0000  copying file ./assets/src/assets/images/icons/icon-tab-stake-act.png ... 
2025-06-19 03:37:10 +0000  790 bytes for ./assets/src/assets/images/icons/icon-tab-stake-act.png
2025-06-19 03:37:10 +0000  copying file ./assets/src/assets/images/icons/pretge-rank-default.png ... 
2025-06-19 03:37:10 +0000  188 bytes for ./assets/src/assets/images/icons/pretge-rank-default.png
2025-06-19 03:37:10 +0000  copying file ./assets/src/assets/images/icons/headmap_top3.png ... 
2025-06-19 03:37:10 +0000  2455 bytes for ./assets/src/assets/images/icons/headmap_top3.png
2025-06-19 03:37:10 +0000  copying file ./assets/src/assets/images/icons/preTge_selection@2x.png ... 
2025-06-19 03:37:10 +0000  265 bytes for ./assets/src/assets/images/icons/preTge_selection@2x.png
2025-06-19 03:37:10 +0000  copying file ./assets/src/assets/images/icons/icon-tab-yaps-act@2x.png ... 
2025-06-19 03:37:10 +0000  1302 bytes for ./assets/src/assets/images/icons/icon-tab-yaps-act@2x.png
2025-06-19 03:37:10 +0000  copying file ./assets/src/assets/images/icons/pretge-tip-icon@3x.png ... 
2025-06-19 03:37:10 +0000  808 bytes for ./assets/src/assets/images/icons/pretge-tip-icon@3x.png
2025-06-19 03:37:10 +0000  copying file ./assets/src/assets/images/icons/icon-tab-stake@3x.png ... 
2025-06-19 03:37:10 +0000  2901 bytes for ./assets/src/assets/images/icons/icon-tab-stake@3x.png
2025-06-19 03:37:10 +0000  copying file ./assets/src/assets/images/icons/headmap_top1.png ... 
2025-06-19 03:37:10 +0000  2072 bytes for ./assets/src/assets/images/icons/headmap_top1.png
2025-06-19 03:37:10 +0000  copying file ./assets/src/assets/images/icons/icon-close-alert@3x.png ... 
2025-06-19 03:37:10 +0000  1996 bytes for ./assets/src/assets/images/icons/icon-close-alert@3x.png
2025-06-19 03:37:10 +0000  copying file ./assets/src/assets/images/icons/icon-tab-stake.png ... 
2025-06-19 03:37:10 +0000  954 bytes for ./assets/src/assets/images/icons/icon-tab-stake.png
2025-06-19 03:37:10 +0000  copying file ./assets/src/assets/images/icons/icon-tab-profile-act.png ... 
2025-06-19 03:37:10 +0000  653 bytes for ./assets/src/assets/images/icons/icon-tab-profile-act.png
2025-06-19 03:37:10 +0000  copying file ./assets/src/assets/images/icons/icon-close-alert@2x.png ... 
2025-06-19 03:37:10 +0000  1336 bytes for ./assets/src/assets/images/icons/icon-close-alert@2x.png
2025-06-19 03:37:10 +0000  copying file ./assets/src/assets/images/icons/bottom_alert_check.png ... 
2025-06-19 03:37:10 +0000  388 bytes for ./assets/src/assets/images/icons/bottom_alert_check.png
2025-06-19 03:37:10 +0000  copying file ./assets/src/assets/images/icons/botton_alert_cross.png ... 
2025-06-19 03:37:10 +0000  205 bytes for ./assets/src/assets/images/icons/botton_alert_cross.png
2025-06-19 03:37:10 +0000  copying file ./assets/src/assets/images/icons/icon-tab-stake@2x.png ... 
2025-06-19 03:37:10 +0000  1918 bytes for ./assets/src/assets/images/icons/icon-tab-stake@2x.png
2025-06-19 03:37:10 +0000  copying file ./assets/src/assets/images/icons/pretge-tip-icon@2x.png ... 
2025-06-19 03:37:10 +0000  541 bytes for ./assets/src/assets/images/icons/pretge-tip-icon@2x.png
2025-06-19 03:37:10 +0000  copying file ./assets/src/assets/images/icons/icon-tab-yaps-act@3x.png ... 
2025-06-19 03:37:10 +0000  2125 bytes for ./assets/src/assets/images/icons/icon-tab-yaps-act@3x.png
2025-06-19 03:37:10 +0000  copying file ./assets/src/assets/images/icons/preTge_selection@3x.png ... 
2025-06-19 03:37:10 +0000  271 bytes for ./assets/src/assets/images/icons/preTge_selection@3x.png
2025-06-19 03:37:10 +0000  copying file ./assets/src/assets/images/icons/pretge-tip-icon.png ... 
2025-06-19 03:37:10 +0000  316 bytes for ./assets/src/assets/images/icons/pretge-tip-icon.png
2025-06-19 03:37:10 +0000  copying file ./assets/src/assets/images/icons/triangle_down_red@3x.png ... 
2025-06-19 03:37:10 +0000  274 bytes for ./assets/src/assets/images/icons/triangle_down_red@3x.png
2025-06-19 03:37:10 +0000  copying file ./assets/src/assets/images/icons/pretge-report-option@3x.png ... 
2025-06-19 03:37:10 +0000  1808 bytes for ./assets/src/assets/images/icons/pretge-report-option@3x.png
2025-06-19 03:37:10 +0000  copying file ./assets/src/assets/images/icons/pretge-rank-sortDesc@2x.png ... 
2025-06-19 03:37:10 +0000  313 bytes for ./assets/src/assets/images/icons/pretge-rank-sortDesc@2x.png
2025-06-19 03:37:10 +0000  copying file ./assets/src/assets/images/icons/icon-tab-profile-act@2x.png ... 
2025-06-19 03:37:10 +0000  1323 bytes for ./assets/src/assets/images/icons/icon-tab-profile-act@2x.png
2025-06-19 03:37:10 +0000  copying file ./assets/src/assets/images/icons/pretge-aiHelper-tip@3x.png ... 
2025-06-19 03:37:10 +0000  66344 bytes for ./assets/src/assets/images/icons/pretge-aiHelper-tip@3x.png
2025-06-19 03:37:10 +0000  copying file ./assets/src/assets/images/icons/icon-tab-profile@3x.png ... 
2025-06-19 03:37:10 +0000  2219 bytes for ./assets/src/assets/images/icons/icon-tab-profile@3x.png
2025-06-19 03:37:10 +0000  copying file ./assets/src/assets/images/icons/pretge-report-icon@3x.png ... 
2025-06-19 03:37:10 +0000  540 bytes for ./assets/src/assets/images/icons/pretge-report-icon@3x.png
2025-06-19 03:37:10 +0000  copying file ./assets/src/assets/images/icons/icon-tab-yaps@3x.png ... 
2025-06-19 03:37:10 +0000  2472 bytes for ./assets/src/assets/images/icons/icon-tab-yaps@3x.png
2025-06-19 03:37:10 +0000  copying file ./assets/src/assets/images/icons/icon-tab-yaps@2x.png ... 
2025-06-19 03:37:10 +0000  1614 bytes for ./assets/src/assets/images/icons/icon-tab-yaps@2x.png
2025-06-19 03:37:10 +0000  copying file ./assets/src/assets/images/icons/pretge-report-icon@2x.png ... 
2025-06-19 03:37:10 +0000  410 bytes for ./assets/src/assets/images/icons/pretge-report-icon@2x.png
2025-06-19 03:37:10 +0000  copying file ./assets/src/assets/images/icons/icon-tab-pre-tag-act.png ... 
2025-06-19 03:37:10 +0000  753 bytes for ./assets/src/assets/images/icons/icon-tab-pre-tag-act.png
2025-06-19 03:37:10 +0000  copying file ./assets/src/assets/images/icons/icon-tab-profile@2x.png ... 
2025-06-19 03:37:10 +0000  1510 bytes for ./assets/src/assets/images/icons/icon-tab-profile@2x.png
2025-06-19 03:37:10 +0000  copying file ./assets/src/assets/images/icons/pretge-vs.png ... 
2025-06-19 03:37:10 +0000  495 bytes for ./assets/src/assets/images/icons/pretge-vs.png
2025-06-19 03:37:10 +0000  copying file ./assets/src/assets/images/icons/pretge-aiHelper-tip@2x.png ... 
2025-06-19 03:37:10 +0000  33783 bytes for ./assets/src/assets/images/icons/pretge-aiHelper-tip@2x.png
2025-06-19 03:37:10 +0000  copying file ./assets/src/assets/images/icons/icon-tab-pre-tag.png ... 
2025-06-19 03:37:10 +0000  872 bytes for ./assets/src/assets/images/icons/icon-tab-pre-tag.png
2025-06-19 03:37:10 +0000  copying file ./assets/src/assets/images/icons/icon-tab-profile-act@3x.png ... 
2025-06-19 03:37:10 +0000  2042 bytes for ./assets/src/assets/images/icons/icon-tab-profile-act@3x.png
2025-06-19 03:37:10 +0000  copying file ./assets/src/assets/images/icons/pretge-rank-sortDesc@3x.png ... 
2025-06-19 03:37:10 +0000  402 bytes for ./assets/src/assets/images/icons/pretge-rank-sortDesc@3x.png
2025-06-19 03:37:10 +0000  copying file ./assets/src/assets/images/icons/pretge-report-option@2x.png ... 
2025-06-19 03:37:10 +0000  1268 bytes for ./assets/src/assets/images/icons/pretge-report-option@2x.png
2025-06-19 03:37:10 +0000  copying file ./assets/src/assets/images/icons/pretge-ai-helper.png ... 
2025-06-19 03:37:10 +0000  447 bytes for ./assets/src/assets/images/icons/pretge-ai-helper.png
2025-06-19 03:37:10 +0000  copying file ./assets/src/assets/images/icons/triangle_down_red@2x.png ... 
2025-06-19 03:37:10 +0000  236 bytes for ./assets/src/assets/images/icons/triangle_down_red@2x.png
2025-06-19 03:37:10 +0000  copying file ./assets/src/assets/images/icons/pretge-top-two.png ... 
2025-06-19 03:37:10 +0000  1219 bytes for ./assets/src/assets/images/icons/pretge-top-two.png
2025-06-19 03:37:10 +0000  copying file ./assets/src/assets/images/icons/pretge-report-list@3x.png ... 
2025-06-19 03:37:10 +0000  265 bytes for ./assets/src/assets/images/icons/pretge-report-list@3x.png
2025-06-19 03:37:10 +0000  copying file ./assets/src/assets/images/icons/pretge-report-option.png ... 
2025-06-19 03:37:10 +0000  703 bytes for ./assets/src/assets/images/icons/pretge-report-option.png
2025-06-19 03:37:10 +0000  copying file ./assets/src/assets/images/icons/pretge-report-list.png ... 
2025-06-19 03:37:10 +0000  197 bytes for ./assets/src/assets/images/icons/pretge-report-list.png
2025-06-19 03:37:10 +0000  copying file ./assets/src/assets/images/icons/bottom_alert_check@3x.png ... 
2025-06-19 03:37:10 +0000  932 bytes for ./assets/src/assets/images/icons/bottom_alert_check@3x.png
2025-06-19 03:37:10 +0000  copying file ./assets/src/assets/images/icons/pretge-top-two@3x.png ... 
2025-06-19 03:37:10 +0000  4923 bytes for ./assets/src/assets/images/icons/pretge-top-two@3x.png
2025-06-19 03:37:10 +0000  copying file ./assets/src/assets/images/icons/pretge-rank-sortAsc@3x.png ... 
2025-06-19 03:37:10 +0000  367 bytes for ./assets/src/assets/images/icons/pretge-rank-sortAsc@3x.png
2025-06-19 03:37:10 +0000  copying file ./assets/src/assets/images/icons/pretge-rank-sortAsc@2x.png ... 
2025-06-19 03:37:10 +0000  314 bytes for ./assets/src/assets/images/icons/pretge-rank-sortAsc@2x.png
2025-06-19 03:37:10 +0000  copying file ./assets/src/assets/images/icons/triangle_up_green.png ... 
2025-06-19 03:37:10 +0000  179 bytes for ./assets/src/assets/images/icons/triangle_up_green.png
2025-06-19 03:37:10 +0000  copying file ./assets/src/assets/images/icons/pretge-top-two@2x.png ... 
2025-06-19 03:37:10 +0000  2822 bytes for ./assets/src/assets/images/icons/pretge-top-two@2x.png
2025-06-19 03:37:10 +0000  copying file ./assets/src/assets/images/icons/bottom_alert_check@2x.png ... 
2025-06-19 03:37:10 +0000  678 bytes for ./assets/src/assets/images/icons/bottom_alert_check@2x.png
2025-06-19 03:37:10 +0000  copying file ./assets/src/assets/images/icons/pretge-top-one.png ... 
2025-06-19 03:37:10 +0000  1207 bytes for ./assets/src/assets/images/icons/pretge-top-one.png
2025-06-19 03:37:10 +0000  copying file ./assets/src/assets/images/icons/icon-tab-yaps-act.png ... 
2025-06-19 03:37:10 +0000  718 bytes for ./assets/src/assets/images/icons/icon-tab-yaps-act.png
2025-06-19 03:37:10 +0000  copying file ./assets/src/assets/images/icons/pretge-rank-sortDesc.png ... 
2025-06-19 03:37:10 +0000  209 bytes for ./assets/src/assets/images/icons/pretge-rank-sortDesc.png
2025-06-19 03:37:10 +0000  copying file ./assets/src/assets/images/icons/icon-tab-yaps.png ... 
2025-06-19 03:37:10 +0000  793 bytes for ./assets/src/assets/images/icons/icon-tab-yaps.png
2025-06-19 03:37:10 +0000  copying file ./assets/src/assets/images/icons/icon-tab-profile.png ... 
2025-06-19 03:37:10 +0000  765 bytes for ./assets/src/assets/images/icons/icon-tab-profile.png
2025-06-19 03:37:10 +0000  copying file ./assets/src/assets/images/icons/triangle_down_red.png ... 
2025-06-19 03:37:10 +0000  184 bytes for ./assets/src/assets/images/icons/triangle_down_red.png
2025-06-19 03:37:10 +0000  copying file ./assets/src/assets/images/icons/pretge-report-list@2x.png ... 
2025-06-19 03:37:10 +0000  301 bytes for ./assets/src/assets/images/icons/pretge-report-list@2x.png
2025-06-19 03:37:10 +0000  copying file ./assets/src/assets/images/icons/pretge-ai-helper@2x.png ... 
2025-06-19 03:37:10 +0000  919 bytes for ./assets/src/assets/images/icons/pretge-ai-helper@2x.png
2025-06-19 03:37:10 +0000  copying file ./assets/src/assets/images/icons/pretge-top-three@3x.png ... 
2025-06-19 03:37:10 +0000  5668 bytes for ./assets/src/assets/images/icons/pretge-top-three@3x.png
2025-06-19 03:37:10 +0000  copying file ./assets/src/assets/images/icons/preTge_selection.png ... 
2025-06-19 03:37:10 +0000  195 bytes for ./assets/src/assets/images/icons/preTge_selection.png
2025-06-19 03:37:10 +0000  copying file ./assets/src/assets/images/icons/triangle_up_green@3x.png ... 
2025-06-19 03:37:10 +0000  259 bytes for ./assets/src/assets/images/icons/triangle_up_green@3x.png
2025-06-19 03:37:10 +0000  copying file ./assets/src/assets/images/icons/pretge-top-three.png ... 
2025-06-19 03:37:10 +0000  1318 bytes for ./assets/src/assets/images/icons/pretge-top-three.png
2025-06-19 03:37:10 +0000  copying file ./assets/src/assets/images/icons/pretge-top-one@3x.png ... 
2025-06-19 03:37:10 +0000  5680 bytes for ./assets/src/assets/images/icons/pretge-top-one@3x.png
2025-06-19 03:37:10 +0000  copying file ./assets/src/assets/images/icons/pretge-rank-sortAsc.png ... 
2025-06-19 03:37:10 +0000  202 bytes for ./assets/src/assets/images/icons/pretge-rank-sortAsc.png
2025-06-19 03:37:10 +0000  copying file ./assets/src/assets/images/icons/icon-tab-pre-tag@3x.png ... 
2025-06-19 03:37:10 +0000  2591 bytes for ./assets/src/assets/images/icons/icon-tab-pre-tag@3x.png
2025-06-19 03:37:10 +0000  copying file ./assets/src/assets/images/icons/icon-tab-stake-act@3x.png ... 
2025-06-19 03:37:10 +0000  2334 bytes for ./assets/src/assets/images/icons/icon-tab-stake-act@3x.png
2025-06-19 03:37:10 +0000  copying file ./assets/src/assets/images/icons/headmap_top1@3x.png ... 
2025-06-19 03:37:10 +0000  10516 bytes for ./assets/src/assets/images/icons/headmap_top1@3x.png
2025-06-19 03:37:10 +0000  copying file ./assets/src/assets/images/icons/pretge-aiHelper-tip.png ... 
2025-06-19 03:37:10 +0000  10684 bytes for ./assets/src/assets/images/icons/pretge-aiHelper-tip.png
2025-06-19 03:37:10 +0000  copying file ./assets/src/assets/images/icons/icon-tab-pre-tag-act@2x.png ... 
2025-06-19 03:37:10 +0000  1549 bytes for ./assets/src/assets/images/icons/icon-tab-pre-tag-act@2x.png
2025-06-19 03:37:10 +0000  copying file ./assets/src/assets/images/icons/pretge-vs@2x.png ... 
2025-06-19 03:37:10 +0000  1050 bytes for ./assets/src/assets/images/icons/pretge-vs@2x.png
2025-06-19 03:37:10 +0000  copying file ./assets/src/assets/images/icons/pretge-rank-default@3x.png ... 
2025-06-19 03:37:10 +0000  342 bytes for ./assets/src/assets/images/icons/pretge-rank-default@3x.png
2025-06-19 03:37:10 +0000  copying file ./assets/src/assets/images/icons/headmap_top3@2x.png ... 
2025-06-19 03:37:10 +0000  6935 bytes for ./assets/src/assets/images/icons/headmap_top3@2x.png
2025-06-19 03:37:10 +0000  copying file ./assets/src/assets/images/icons/botton_alert_cross@3x.png ... 
2025-06-19 03:37:10 +0000  418 bytes for ./assets/src/assets/images/icons/botton_alert_cross@3x.png
2025-06-19 03:37:10 +0000  copying file ./assets/src/assets/images/icons/headmap_top3@3x.png ... 
2025-06-19 03:37:10 +0000  13155 bytes for ./assets/src/assets/images/icons/headmap_top3@3x.png
2025-06-19 03:37:10 +0000  copying file ./assets/src/assets/images/icons/botton_alert_cross@2x.png ... 
2025-06-19 03:37:10 +0000  312 bytes for ./assets/src/assets/images/icons/botton_alert_cross@2x.png
2025-06-19 03:37:10 +0000  copying file ./assets/src/assets/images/icons/pretge-rank-default@2x.png ... 
2025-06-19 03:37:10 +0000  280 bytes for ./assets/src/assets/images/icons/pretge-rank-default@2x.png
2025-06-19 03:37:10 +0000  copying file ./assets/src/assets/images/icons/pretge-vs@3x.png ... 
2025-06-19 03:37:10 +0000  1718 bytes for ./assets/src/assets/images/icons/pretge-vs@3x.png
2025-06-19 03:37:10 +0000  copying file ./assets/src/assets/images/icons/icon-tab-pre-tag-act@3x.png ... 
2025-06-19 03:37:10 +0000  2294 bytes for ./assets/src/assets/images/icons/icon-tab-pre-tag-act@3x.png
2025-06-19 03:37:10 +0000  copying file ./assets/src/assets/images/icons/headmap_top1@2x.png ... 
2025-06-19 03:37:10 +0000  5586 bytes for ./assets/src/assets/images/icons/headmap_top1@2x.png
2025-06-19 03:37:10 +0000  copying file ./assets/src/assets/images/icons/icon-tab-stake-act@2x.png ... 
2025-06-19 03:37:10 +0000  1552 bytes for ./assets/src/assets/images/icons/icon-tab-stake-act@2x.png
2025-06-19 03:37:10 +0000  copying file ./assets/src/assets/images/icons/icon-tab-pre-tag@2x.png ... 
2025-06-19 03:37:10 +0000  1732 bytes for ./assets/src/assets/images/icons/icon-tab-pre-tag@2x.png
2025-06-19 03:37:10 +0000  copying file ./assets/src/assets/images/icons/pretge-top-one@2x.png ... 
2025-06-19 03:37:10 +0000  3154 bytes for ./assets/src/assets/images/icons/pretge-top-one@2x.png
2025-06-19 03:37:10 +0000  copying file ./assets/src/assets/images/icons/triangle_up_green@2x.png ... 
2025-06-19 03:37:10 +0000  225 bytes for ./assets/src/assets/images/icons/triangle_up_green@2x.png
2025-06-19 03:37:10 +0000  copying file ./assets/src/assets/images/icons/pretge-ai-helper@3x.png ... 
2025-06-19 03:37:10 +0000  1463 bytes for ./assets/src/assets/images/icons/pretge-ai-helper@3x.png
2025-06-19 03:37:10 +0000  copying file ./assets/src/assets/images/icons/pretge-top-three@2x.png ... 
2025-06-19 03:37:10 +0000  3174 bytes for ./assets/src/assets/images/icons/pretge-top-three@2x.png
2025-06-19 03:37:10 +0000  copying file ./assets/src/assets/images/icons/pretge-report-icon.png ... 
2025-06-19 03:37:10 +0000  286 bytes for ./assets/src/assets/images/icons/pretge-report-icon.png
2025-06-19 03:37:10 +0000  copying file ./assets/src/assets/images/icons/icon-close-alert.png ... 
2025-06-19 03:37:10 +0000  741 bytes for ./assets/src/assets/images/icons/icon-close-alert.png
2025-06-19 03:37:10 +0000  copying file ./assets/src/assets/images/icon_back@2x.png ... 
2025-06-19 03:37:10 +0000  352 bytes for ./assets/src/assets/images/icon_back@2x.png
2025-06-19 03:37:10 +0000  copying file ./assets/src/assets/images/banner/pre-tge-banner.png ... 
2025-06-19 03:37:10 +0000  35638 bytes for ./assets/src/assets/images/banner/pre-tge-banner.png
2025-06-19 03:37:10 +0000  copying file ./assets/src/assets/images/banner/pre-tge-banner@3x.png ... 
2025-06-19 03:37:10 +0000  233433 bytes for ./assets/src/assets/images/banner/pre-tge-banner@3x.png
2025-06-19 03:37:10 +0000  copying file ./assets/src/assets/images/banner/pre-tge-banner@2x.png ... 
2025-06-19 03:37:10 +0000  119710 bytes for ./assets/src/assets/images/banner/pre-tge-banner@2x.png
2025-06-19 03:37:10 +0000  copying file ./assets/src/assets/images/gif/loading.gif ... 
2025-06-19 03:37:10 +0000  96944 bytes for ./assets/src/assets/images/gif/loading.gif
2025-06-19 03:37:10 +0000  copying file ./Info.plist ... 
2025-06-19 03:37:10 +0000  1227 bytes for ./Info.plist
2025-06-19 03:37:10 +0000  copying file ./RNCAsyncStorage_resources.bundle/PrivacyInfo.xcprivacy ... 
2025-06-19 03:37:10 +0000  512 bytes for ./RNCAsyncStorage_resources.bundle/PrivacyInfo.xcprivacy
2025-06-19 03:37:10 +0000  copying file ./RNCAsyncStorage_resources.bundle/Info.plist ... 
2025-06-19 03:37:10 +0000  797 bytes for ./RNCAsyncStorage_resources.bundle/Info.plist
2025-06-19 03:37:10 +0000  copying file ./PkgInfo ... 
2025-06-19 03:37:10 +0000  8 bytes for ./PkgInfo
2025-06-19 03:37:10 +0000  copying file ./React-Core_privacy.bundle/PrivacyInfo.xcprivacy ... 
2025-06-19 03:37:10 +0000  768 bytes for ./React-Core_privacy.bundle/PrivacyInfo.xcprivacy
2025-06-19 03:37:10 +0000  copying file ./React-Core_privacy.bundle/Info.plist ... 
2025-06-19 03:37:10 +0000  784 bytes for ./React-Core_privacy.bundle/Info.plist
2025-06-19 03:37:10 +0000  /usr/bin/ditto exited with 0
2025-06-19 03:37:10 +0000  Processing step: IDEDistributionEmbedProfileStep
2025-06-19 03:37:10 +0000  Skipping profile for item: <IDEDistributionItem: 0x60004432d620; bundleID='dev.hermesengine.iphoneos', path='<DVTFilePath:0x600028ff2df0:'/Users/daliu_kt/Library/Developer/Xcode/Archives/2025-06-19/KaitoYaps 2025-6-19, 11.36.xcarchive/Products/Applications/KaitoYaps.app/Frameworks/hermes.framework'>', codeSigningInfo='<_DVTCodeSigningInformation_Path: 0x600070d67720; isSigned='1', isAdHocSigned='0', signingCertificate='<DVTSigningCertificate: 0x60002d2858c0; name='Apple Development: Weizhen Liu (92ZYJ235CY)', hash='F60C62F996AC14C900A131629ADD0A8267DA8336', serialNumber='376E673EB355D864A04CC00E9A915F74', certificateKinds='(
    "1.2.840.113635.100.6.1.12",
    "1.2.840.113635.100.6.1.2"
), issueDate='2024-08-21 07:17:31 +0000''>', entitlements='(null)', teamID='358UF6MCG5', identifier='dev.hermesengine.iphoneos', executablePath='<DVTFilePath:0x600044275440:'/Users/daliu_kt/Library/Developer/Xcode/Archives/2025-06-19/KaitoYaps 2025-6-19, 11.36.xcarchive/Products/Applications/KaitoYaps.app/Frameworks/hermes.framework/hermes'>', hardenedRuntime='0'>'>
2025-06-19 03:37:10 +0000  Processing step: IDEDistributionInfoPlistStep
2025-06-19 03:37:10 +0000  Skipping step: IDEDistributionInfoPlistStep because it said so
2025-06-19 03:37:10 +0000  Skipping step: IDEDistributionInfoPlistStep because it said so
2025-06-19 03:37:10 +0000  Processing step: IDEDistributionAppThinningPlistStep
2025-06-19 03:37:10 +0000  Skipping step: IDEDistributionAppThinningPlistStep because it said so
2025-06-19 03:37:10 +0000  Processing step: IDEDistributionSymbolsStep
2025-06-19 03:37:10 +0000  Skipping step: IDEDistributionSymbolsStep because it said so
2025-06-19 03:37:10 +0000  Processing step: IDEDistributionAppThinningStep
2025-06-19 03:37:10 +0000  Skipping step: IDEDistributionAppThinningStep because it said so
2025-06-19 03:37:10 +0000  Processing step: IDEDistributionArchThinningStep
2025-06-19 03:37:10 +0000  Item /Users/daliu_kt/Library/Developer/Xcode/Archives/2025-06-19/KaitoYaps 2025-6-19, 11.36.xcarchive/Products/Applications/KaitoYaps.app/Frameworks/hermes.framework doesn't have the entitlement com.apple.developer.web-browser-engine.host enabled, returning ["arm64e"]
2025-06-19 03:37:10 +0000  Archs to thin for item /Users/daliu_kt/Library/Developer/Xcode/Archives/2025-06-19/KaitoYaps 2025-6-19, 11.36.xcarchive/Products/Applications/KaitoYaps.app/Frameworks/hermes.framework are ["arm64e"]
2025-06-19 03:37:10 +0000  Running /Applications/Xcode.app/Contents/Developer/Toolchains/XcodeDefault.xctoolchain/usr/bin/lipo '/var/folders/c8/_pmcyjjd4mgb5d0mwrt5f32c0000gn/T/XcodeDistPipeline.~~~LC293c/Root/Payload/KaitoYaps.app/Frameworks/hermes.framework/hermes' '-verify_arch' 'arm64e'
2025-06-19 03:37:10 +0000  /Applications/Xcode.app/Contents/Developer/Toolchains/XcodeDefault.xctoolchain/usr/bin/lipo exited with 1
2025-06-19 03:37:10 +0000  Skipping architecture thinning for item "hermes" because arch "arm64e" wasn't found
2025-06-19 03:37:10 +0000  Item /Users/daliu_kt/Library/Developer/Xcode/Archives/2025-06-19/KaitoYaps 2025-6-19, 11.36.xcarchive/Products/Applications/KaitoYaps.app doesn't have the entitlement com.apple.developer.web-browser-engine.host enabled, returning ["arm64e"]
2025-06-19 03:37:10 +0000  Archs to thin for item /Users/daliu_kt/Library/Developer/Xcode/Archives/2025-06-19/KaitoYaps 2025-6-19, 11.36.xcarchive/Products/Applications/KaitoYaps.app are ["arm64e"]
2025-06-19 03:37:10 +0000  Running /Applications/Xcode.app/Contents/Developer/Toolchains/XcodeDefault.xctoolchain/usr/bin/lipo '/var/folders/c8/_pmcyjjd4mgb5d0mwrt5f32c0000gn/T/XcodeDistPipeline.~~~LC293c/Root/Payload/KaitoYaps.app/KaitoYaps' '-verify_arch' 'arm64e'
2025-06-19 03:37:10 +0000  /Applications/Xcode.app/Contents/Developer/Toolchains/XcodeDefault.xctoolchain/usr/bin/lipo exited with 1
2025-06-19 03:37:10 +0000  Skipping architecture thinning for item "KaitoYaps" because arch "arm64e" wasn't found
2025-06-19 03:37:10 +0000  Processing step: IDEDistributionODRStep
2025-06-19 03:37:10 +0000  Processing step: IDEDistributionStripXattrsStep
2025-06-19 03:37:10 +0000  Skipping stripping extended attributes because the codesign step will strip them.
2025-06-19 03:37:10 +0000  Skipping stripping extended attributes because the codesign step will strip them.
2025-06-19 03:37:10 +0000  Processing step: IDEDistributionCodesignStep
2025-06-19 03:37:10 +0000  Entitlements for <IDEDistributionItem: 0x60004432d620; bundleID='dev.hermesengine.iphoneos', path='<DVTFilePath:0x600028ff2df0:'/Users/daliu_kt/Library/Developer/Xcode/Archives/2025-06-19/KaitoYaps 2025-6-19, 11.36.xcarchive/Products/Applications/KaitoYaps.app/Frameworks/hermes.framework'>', codeSigningInfo='<_DVTCodeSigningInformation_Path: 0x600070d67720; isSigned='1', isAdHocSigned='0', signingCertificate='<DVTSigningCertificate: 0x60002d2858c0; name='Apple Development: Weizhen Liu (92ZYJ235CY)', hash='F60C62F996AC14C900A131629ADD0A8267DA8336', serialNumber='376E673EB355D864A04CC00E9A915F74', certificateKinds='(
    "1.2.840.113635.100.6.1.12",
    "1.2.840.113635.100.6.1.2"
), issueDate='2024-08-21 07:17:31 +0000''>', entitlements='(null)', teamID='358UF6MCG5', identifier='dev.hermesengine.iphoneos', executablePath='<DVTFilePath:0x600044275440:'/Users/daliu_kt/Library/Developer/Xcode/Archives/2025-06-19/KaitoYaps 2025-6-19, 11.36.xcarchive/Products/Applications/KaitoYaps.app/Frameworks/hermes.framework/hermes'>', hardenedRuntime='0'>'>: {
}
2025-06-19 03:37:10 +0000  Associated App Clip Identifiers Filter: Skipping because "com.apple.developer.associated-appclip-app-identifiers" is not present
2025-06-19 03:37:10 +0000  Entitlements for <IDEDistributionItem: 0x60004432d620; bundleID='dev.hermesengine.iphoneos', path='<DVTFilePath:0x600028ff2df0:'/Users/daliu_kt/Library/Developer/Xcode/Archives/2025-06-19/KaitoYaps 2025-6-19, 11.36.xcarchive/Products/Applications/KaitoYaps.app/Frameworks/hermes.framework'>', codeSigningInfo='<_DVTCodeSigningInformation_Path: 0x600070d67720; isSigned='1', isAdHocSigned='0', signingCertificate='<DVTSigningCertificate: 0x60002d2858c0; name='Apple Development: Weizhen Liu (92ZYJ235CY)', hash='F60C62F996AC14C900A131629ADD0A8267DA8336', serialNumber='376E673EB355D864A04CC00E9A915F74', certificateKinds='(
    "1.2.840.113635.100.6.1.12",
    "1.2.840.113635.100.6.1.2"
), issueDate='2024-08-21 07:17:31 +0000''>', entitlements='(null)', teamID='358UF6MCG5', identifier='dev.hermesengine.iphoneos', executablePath='<DVTFilePath:0x600044275440:'/Users/daliu_kt/Library/Developer/Xcode/Archives/2025-06-19/KaitoYaps 2025-6-19, 11.36.xcarchive/Products/Applications/KaitoYaps.app/Frameworks/hermes.framework/hermes'>', hardenedRuntime='0'>'> are: {
}
2025-06-19 03:37:10 +0000  Writing entitlements for <IDEDistributionItem: 0x60004432d620; bundleID='dev.hermesengine.iphoneos', path='<DVTFilePath:0x600028ff2df0:'/Users/daliu_kt/Library/Developer/Xcode/Archives/2025-06-19/KaitoYaps 2025-6-19, 11.36.xcarchive/Products/Applications/KaitoYaps.app/Frameworks/hermes.framework'>', codeSigningInfo='<_DVTCodeSigningInformation_Path: 0x600070d67720; isSigned='1', isAdHocSigned='0', signingCertificate='<DVTSigningCertificate: 0x60002d2858c0; name='Apple Development: Weizhen Liu (92ZYJ235CY)', hash='F60C62F996AC14C900A131629ADD0A8267DA8336', serialNumber='376E673EB355D864A04CC00E9A915F74', certificateKinds='(
    "1.2.840.113635.100.6.1.12",
    "1.2.840.113635.100.6.1.2"
), issueDate='2024-08-21 07:17:31 +0000''>', entitlements='(null)', teamID='358UF6MCG5', identifier='dev.hermesengine.iphoneos', executablePath='<DVTFilePath:0x600044275440:'/Users/daliu_kt/Library/Developer/Xcode/Archives/2025-06-19/KaitoYaps 2025-6-19, 11.36.xcarchive/Products/Applications/KaitoYaps.app/Frameworks/hermes.framework/hermes'>', hardenedRuntime='0'>'> to: /var/folders/c8/_pmcyjjd4mgb5d0mwrt5f32c0000gn/T/XcodeDistPipeline.~~~LC293c/entitlements~~~dxN4kN
2025-06-19 03:37:10 +0000  invoking codesign: <NSConcreteTask: 0x6000846abd90; launchPath='/usr/bin/codesign', arguments='(
    "-f",
    "-s",
    68183B48A146CA876241BD0D1C1856788188F640,
    "--entitlements",
    "/var/folders/c8/_pmcyjjd4mgb5d0mwrt5f32c0000gn/T/XcodeDistPipeline.~~~LC293c/entitlements~~~dxN4kN",
    "--preserve-metadata=identifier,flags,runtime",
    "--generate-entitlement-der",
    "--strip-disallowed-xattrs",
    "-vvv",
    "/var/folders/c8/_pmcyjjd4mgb5d0mwrt5f32c0000gn/T/XcodeDistPipeline.~~~LC293c/Root/Payload/KaitoYaps.app/Frameworks/hermes.framework"
)'>
2025-06-19 03:37:10 +0000  codesign output: /var/folders/c8/_pmcyjjd4mgb5d0mwrt5f32c0000gn/T/XcodeDistPipeline.~~~LC293c/Root/Payload/KaitoYaps.app/Frameworks/hermes.framework: replacing existing signature
/var/folders/c8/_pmcyjjd4mgb5d0mwrt5f32c0000gn/T/XcodeDistPipeline.~~~LC293c/Root/Payload/KaitoYaps.app/Frameworks/hermes.framework: signed bundle with Mach-O thin (arm64) [dev.hermesengine.iphoneos]
2025-06-19 03:37:10 +0000  Entitlements for <IDEDistributionItem: 0x600070d646c0; bundleID='ai.kaito.kaitoyaps', path='<DVTFilePath:0x6000703b8ae0:'/Users/daliu_kt/Library/Developer/Xcode/Archives/2025-06-19/KaitoYaps 2025-6-19, 11.36.xcarchive/Products/Applications/KaitoYaps.app'>', codeSigningInfo='<_DVTCodeSigningInformation_Path: 0x60007024aa60; isSigned='1', isAdHocSigned='0', signingCertificate='<DVTSigningCertificate: 0x60002d28a700; name='Apple Development: Weizhen Liu (92ZYJ235CY)', hash='F60C62F996AC14C900A131629ADD0A8267DA8336', serialNumber='376E673EB355D864A04CC00E9A915F74', certificateKinds='(
    "1.2.840.113635.100.6.1.12",
    "1.2.840.113635.100.6.1.2"
), issueDate='2024-08-21 07:17:31 +0000''>', entitlements='{
    "application-identifier" = "358UF6MCG5.ai.kaito.kaitoyaps";
    "com.apple.developer.team-identifier" = 358UF6MCG5;
    "get-task-allow" = 1;
}', teamID='358UF6MCG5', identifier='ai.kaito.kaitoyaps', executablePath='<DVTFilePath:0x60005c34b120:'/Users/daliu_kt/Library/Developer/Xcode/Archives/2025-06-19/KaitoYaps 2025-6-19, 11.36.xcarchive/Products/Applications/KaitoYaps.app/KaitoYaps'>', hardenedRuntime='0'>'>: {
    "application-identifier" = "358UF6MCG5.ai.kaito.kaitoyaps";
    "com.apple.developer.team-identifier" = 358UF6MCG5;
    "get-task-allow" = 0;
}
2025-06-19 03:37:10 +0000  Associated App Clip Identifiers Filter: Skipping because "com.apple.developer.associated-appclip-app-identifiers" is not present
2025-06-19 03:37:10 +0000  Entitlements for <IDEDistributionItem: 0x600070d646c0; bundleID='ai.kaito.kaitoyaps', path='<DVTFilePath:0x6000703b8ae0:'/Users/daliu_kt/Library/Developer/Xcode/Archives/2025-06-19/KaitoYaps 2025-6-19, 11.36.xcarchive/Products/Applications/KaitoYaps.app'>', codeSigningInfo='<_DVTCodeSigningInformation_Path: 0x60007024aa60; isSigned='1', isAdHocSigned='0', signingCertificate='<DVTSigningCertificate: 0x60002d28a700; name='Apple Development: Weizhen Liu (92ZYJ235CY)', hash='F60C62F996AC14C900A131629ADD0A8267DA8336', serialNumber='376E673EB355D864A04CC00E9A915F74', certificateKinds='(
    "1.2.840.113635.100.6.1.12",
    "1.2.840.113635.100.6.1.2"
), issueDate='2024-08-21 07:17:31 +0000''>', entitlements='{
    "application-identifier" = "358UF6MCG5.ai.kaito.kaitoyaps";
    "com.apple.developer.team-identifier" = 358UF6MCG5;
    "get-task-allow" = 1;
}', teamID='358UF6MCG5', identifier='ai.kaito.kaitoyaps', executablePath='<DVTFilePath:0x60005c34b120:'/Users/daliu_kt/Library/Developer/Xcode/Archives/2025-06-19/KaitoYaps 2025-6-19, 11.36.xcarchive/Products/Applications/KaitoYaps.app/KaitoYaps'>', hardenedRuntime='0'>'> are: {
    "application-identifier" = "358UF6MCG5.ai.kaito.kaitoyaps";
    "com.apple.developer.team-identifier" = 358UF6MCG5;
    "get-task-allow" = 0;
}
2025-06-19 03:37:10 +0000  Writing entitlements for <IDEDistributionItem: 0x600070d646c0; bundleID='ai.kaito.kaitoyaps', path='<DVTFilePath:0x6000703b8ae0:'/Users/daliu_kt/Library/Developer/Xcode/Archives/2025-06-19/KaitoYaps 2025-6-19, 11.36.xcarchive/Products/Applications/KaitoYaps.app'>', codeSigningInfo='<_DVTCodeSigningInformation_Path: 0x60007024aa60; isSigned='1', isAdHocSigned='0', signingCertificate='<DVTSigningCertificate: 0x60002d28a700; name='Apple Development: Weizhen Liu (92ZYJ235CY)', hash='F60C62F996AC14C900A131629ADD0A8267DA8336', serialNumber='376E673EB355D864A04CC00E9A915F74', certificateKinds='(
    "1.2.840.113635.100.6.1.12",
    "1.2.840.113635.100.6.1.2"
), issueDate='2024-08-21 07:17:31 +0000''>', entitlements='{
    "application-identifier" = "358UF6MCG5.ai.kaito.kaitoyaps";
    "com.apple.developer.team-identifier" = 358UF6MCG5;
    "get-task-allow" = 1;
}', teamID='358UF6MCG5', identifier='ai.kaito.kaitoyaps', executablePath='<DVTFilePath:0x60005c34b120:'/Users/daliu_kt/Library/Developer/Xcode/Archives/2025-06-19/KaitoYaps 2025-6-19, 11.36.xcarchive/Products/Applications/KaitoYaps.app/KaitoYaps'>', hardenedRuntime='0'>'> to: /var/folders/c8/_pmcyjjd4mgb5d0mwrt5f32c0000gn/T/XcodeDistPipeline.~~~LC293c/entitlements~~~Dpw7DL
2025-06-19 03:37:10 +0000  invoking codesign: <NSConcreteTask: 0x6000846abd90; launchPath='/usr/bin/codesign', arguments='(
    "-f",
    "-s",
    68183B48A146CA876241BD0D1C1856788188F640,
    "--entitlements",
    "/var/folders/c8/_pmcyjjd4mgb5d0mwrt5f32c0000gn/T/XcodeDistPipeline.~~~LC293c/entitlements~~~Dpw7DL",
    "--preserve-metadata=identifier,flags,runtime",
    "--generate-entitlement-der",
    "--strip-disallowed-xattrs",
    "-vvv",
    "/var/folders/c8/_pmcyjjd4mgb5d0mwrt5f32c0000gn/T/XcodeDistPipeline.~~~LC293c/Root/Payload/KaitoYaps.app"
)'>
2025-06-19 03:37:10 +0000  codesign output: /var/folders/c8/_pmcyjjd4mgb5d0mwrt5f32c0000gn/T/XcodeDistPipeline.~~~LC293c/Root/Payload/KaitoYaps.app: replacing existing signature
/var/folders/c8/_pmcyjjd4mgb5d0mwrt5f32c0000gn/T/XcodeDistPipeline.~~~LC293c/Root/Payload/KaitoYaps.app: signed app bundle with Mach-O thin (arm64) [ai.kaito.kaitoyaps]
2025-06-19 03:37:10 +0000  Processing step: IDEDistributionZipODRItemStep
2025-06-19 03:37:10 +0000  Skipping step: IDEDistributionZipODRItemStep because it said so
2025-06-19 03:37:10 +0000  Skipping step: IDEDistributionZipODRItemStep because it said so
2025-06-19 03:37:10 +0000  Processing step: IDEDistributionCreateIPAStep
2025-06-19 03:37:10 +0000  Running /usr/bin/ditto '-V' '-c' '-k' '--norsrc' '/var/folders/c8/_pmcyjjd4mgb5d0mwrt5f32c0000gn/T/XcodeDistPipeline.~~~LC293c/Root' '/var/folders/c8/_pmcyjjd4mgb5d0mwrt5f32c0000gn/T/XcodeDistPipeline.~~~LC293c/Packages/KaitoYaps.ipa'
2025-06-19 03:37:10 +0000  >>> Copying /var/folders/c8/_pmcyjjd4mgb5d0mwrt5f32c0000gn/T/XcodeDistPipeline.~~~LC293c/Root 
2025-06-19 03:37:10 +0000  copying file ./Payload/KaitoYaps.app/_CodeSignature/CodeResources ... 
2025-06-19 03:37:10 +0000  39731 bytes for ./Payload/KaitoYaps.app/_CodeSignature/CodeResources
2025-06-19 03:37:10 +0000  copying file ./Payload/KaitoYaps.app/KaitoYaps ... 
2025-06-19 03:37:11 +0000  13965088 bytes for ./Payload/KaitoYaps.app/KaitoYaps
2025-06-19 03:37:11 +0000  copying file ./Payload/KaitoYaps.app/glog_privacy.bundle/Info.plist ... 
2025-06-19 03:37:11 +0000  769 bytes for ./Payload/KaitoYaps.app/glog_privacy.bundle/Info.plist
2025-06-19 03:37:11 +0000  copying file ./Payload/KaitoYaps.app/React-cxxreact_privacy.bundle/PrivacyInfo.xcprivacy ... 
2025-06-19 03:37:11 +0000  552 bytes for ./Payload/KaitoYaps.app/React-cxxreact_privacy.bundle/PrivacyInfo.xcprivacy
copying file ./Payload/KaitoYaps.app/React-cxxreact_privacy.bundle/Info.plist ... 
2025-06-19 03:37:11 +0000  792 bytes for ./Payload/KaitoYaps.app/React-cxxreact_privacy.bundle/Info.plist
2025-06-19 03:37:11 +0000  copying file ./Payload/KaitoYaps.app/RCT-Folly_privacy.bundle/Info.plist ... 
2025-06-19 03:37:11 +0000  786 bytes for ./Payload/KaitoYaps.app/RCT-Folly_privacy.bundle/Info.plist
2025-06-19 03:37:11 +0000  copying file ./Payload/KaitoYaps.app/main.jsbundle ... 
2025-06-19 03:37:11 +0000  4529647 bytes for ./Payload/KaitoYaps.app/main.jsbundle
2025-06-19 03:37:11 +0000  copying file ./Payload/KaitoYaps.app/PrivacyInfo.xcprivacy ... 
408 bytes for ./Payload/KaitoYaps.app/PrivacyInfo.xcprivacy
copying file ./Payload/KaitoYaps.app/LaunchScreen.storyboardc/01J-lp-oVM-view-Ze5-6b-2t3.nib ... 
3817 bytes for ./Payload/KaitoYaps.app/LaunchScreen.storyboardc/01J-lp-oVM-view-Ze5-6b-2t3.nib
copying file ./Payload/KaitoYaps.app/LaunchScreen.storyboardc/UIViewController-01J-lp-oVM.nib ... 
2025-06-19 03:37:11 +0000  924 bytes for ./Payload/KaitoYaps.app/LaunchScreen.storyboardc/UIViewController-01J-lp-oVM.nib
copying file ./Payload/KaitoYaps.app/LaunchScreen.storyboardc/Info.plist ... 
258 bytes for ./Payload/KaitoYaps.app/LaunchScreen.storyboardc/Info.plist
2025-06-19 03:37:11 +0000  copying file ./Payload/KaitoYaps.app/RNSVGFilters.bundle/RNSVGArithmeticFilter.iphoneos.metallib ... 
2025-06-19 03:37:11 +0000  3993 bytes for ./Payload/KaitoYaps.app/RNSVGFilters.bundle/RNSVGArithmeticFilter.iphoneos.metallib
2025-06-19 03:37:11 +0000  copying file ./Payload/KaitoYaps.app/RNSVGFilters.bundle/RNSVGCompositeXor.iphoneos.metallib ... 
2025-06-19 03:37:11 +0000  3509 bytes for ./Payload/KaitoYaps.app/RNSVGFilters.bundle/RNSVGCompositeXor.iphoneos.metallib
copying file ./Payload/KaitoYaps.app/RNSVGFilters.bundle/Info.plist ... 
2025-06-19 03:37:11 +0000  771 bytes for ./Payload/KaitoYaps.app/RNSVGFilters.bundle/Info.plist
copying file ./Payload/KaitoYaps.app/boost_privacy.bundle/Info.plist ... 
2025-06-19 03:37:11 +0000  772 bytes for ./Payload/KaitoYaps.app/boost_privacy.bundle/Info.plist
2025-06-19 03:37:11 +0000  copying file ./Payload/KaitoYaps.app/Frameworks/hermes.framework/_CodeSignature/CodeResources ... 
1798 bytes for ./Payload/KaitoYaps.app/Frameworks/hermes.framework/_CodeSignature/CodeResources
2025-06-19 03:37:11 +0000  copying file ./Payload/KaitoYaps.app/Frameworks/hermes.framework/hermes ... 
2025-06-19 03:37:11 +0000  4673168 bytes for ./Payload/KaitoYaps.app/Frameworks/hermes.framework/hermes
2025-06-19 03:37:11 +0000  copying file ./Payload/KaitoYaps.app/Frameworks/hermes.framework/Info.plist ... 
859 bytes for ./Payload/KaitoYaps.app/Frameworks/hermes.framework/Info.plist
2025-06-19 03:37:11 +0000  copying file ./Payload/KaitoYaps.app/embedded.mobileprovision ... 
2025-06-19 03:37:11 +0000  14571 bytes for ./Payload/KaitoYaps.app/embedded.mobileprovision
2025-06-19 03:37:11 +0000  copying file ./Payload/KaitoYaps.app/assets/node_modules/@react-navigation/elements/lib/module/assets/back-icon@3x.png ... 
2025-06-19 03:37:11 +0000  761 bytes for ./Payload/KaitoYaps.app/assets/node_modules/@react-navigation/elements/lib/module/assets/back-icon@3x.png
2025-06-19 03:37:11 +0000  copying file ./Payload/KaitoYaps.app/assets/node_modules/@react-navigation/elements/lib/module/assets/back-icon@2x.png ... 
2025-06-19 03:37:11 +0000  405 bytes for ./Payload/KaitoYaps.app/assets/node_modules/@react-navigation/elements/lib/module/assets/back-icon@2x.png
2025-06-19 03:37:11 +0000  copying file ./Payload/KaitoYaps.app/assets/node_modules/@react-navigation/elements/lib/module/assets/search-icon@2x.png ... 
2025-06-19 03:37:11 +0000  589 bytes for ./Payload/KaitoYaps.app/assets/node_modules/@react-navigation/elements/lib/module/assets/search-icon@2x.png
copying file ./Payload/KaitoYaps.app/assets/node_modules/@react-navigation/elements/lib/module/assets/clear-icon@3x.png ... 
2025-06-19 03:37:11 +0000  502 bytes for ./Payload/KaitoYaps.app/assets/node_modules/@react-navigation/elements/lib/module/assets/clear-icon@3x.png
2025-06-19 03:37:11 +0000  copying file ./Payload/KaitoYaps.app/assets/node_modules/@react-navigation/elements/lib/module/assets/back-icon.png ... 
2025-06-19 03:37:11 +0000  290 bytes for ./Payload/KaitoYaps.app/assets/node_modules/@react-navigation/elements/lib/module/assets/back-icon.png
2025-06-19 03:37:11 +0000  copying file ./Payload/KaitoYaps.app/assets/node_modules/@react-navigation/elements/lib/module/assets/clear-icon@2x.png ... 
2025-06-19 03:37:11 +0000  334 bytes for ./Payload/KaitoYaps.app/assets/node_modules/@react-navigation/elements/lib/module/assets/clear-icon@2x.png
copying file ./Payload/KaitoYaps.app/assets/node_modules/@react-navigation/elements/lib/module/assets/search-icon@3x.png ... 
2025-06-19 03:37:11 +0000  839 bytes for ./Payload/KaitoYaps.app/assets/node_modules/@react-navigation/elements/lib/module/assets/search-icon@3x.png
2025-06-19 03:37:11 +0000  copying file ./Payload/KaitoYaps.app/assets/node_modules/@react-navigation/elements/lib/module/assets/close-icon.png ... 
2025-06-19 03:37:11 +0000  141 bytes for ./Payload/KaitoYaps.app/assets/node_modules/@react-navigation/elements/lib/module/assets/close-icon.png
copying file ./Payload/KaitoYaps.app/assets/node_modules/@react-navigation/elements/lib/module/assets/back-icon-mask.png ... 
2025-06-19 03:37:11 +0000  653 bytes for ./Payload/KaitoYaps.app/assets/node_modules/@react-navigation/elements/lib/module/assets/back-icon-mask.png
2025-06-19 03:37:11 +0000  copying file ./Payload/KaitoYaps.app/assets/node_modules/@react-navigation/elements/lib/module/assets/close-icon@2x.png ... 
2025-06-19 03:37:11 +0000  201 bytes for ./Payload/KaitoYaps.app/assets/node_modules/@react-navigation/elements/lib/module/assets/close-icon@2x.png
2025-06-19 03:37:11 +0000  copying file ./Payload/KaitoYaps.app/assets/node_modules/@react-navigation/elements/lib/module/assets/close-icon@3x.png ... 
266 bytes for ./Payload/KaitoYaps.app/assets/node_modules/@react-navigation/elements/lib/module/assets/close-icon@3x.png
2025-06-19 03:37:11 +0000  copying file ./Payload/KaitoYaps.app/assets/node_modules/@react-navigation/elements/lib/module/assets/clear-icon.png ... 
2025-06-19 03:37:11 +0000  220 bytes for ./Payload/KaitoYaps.app/assets/node_modules/@react-navigation/elements/lib/module/assets/clear-icon.png
copying file ./Payload/KaitoYaps.app/assets/node_modules/@react-navigation/elements/lib/module/assets/search-icon.png ... 
2025-06-19 03:37:11 +0000  317 bytes for ./Payload/KaitoYaps.app/assets/node_modules/@react-navigation/elements/lib/module/assets/search-icon.png
2025-06-19 03:37:11 +0000  copying file ./Payload/KaitoYaps.app/assets/node_modules/react-native-paper/src/assets/back-chevron.png ... 
2025-06-19 03:37:11 +0000  489 bytes for ./Payload/KaitoYaps.app/assets/node_modules/react-native-paper/src/assets/back-chevron.png
2025-06-19 03:37:11 +0000  copying file ./Payload/KaitoYaps.app/assets/src/assets/images/icon_back.png ... 
2025-06-19 03:37:11 +0000  216 bytes for ./Payload/KaitoYaps.app/assets/src/assets/images/icon_back.png
2025-06-19 03:37:11 +0000  copying file ./Payload/KaitoYaps.app/assets/src/assets/images/icon_back@3x.png ... 
2025-06-19 03:37:11 +0000  483 bytes for ./Payload/KaitoYaps.app/assets/src/assets/images/icon_back@3x.png
2025-06-19 03:37:11 +0000  copying file ./Payload/KaitoYaps.app/assets/src/assets/images/icons/icon-tab-stake-act.png ... 
2025-06-19 03:37:11 +0000  790 bytes for ./Payload/KaitoYaps.app/assets/src/assets/images/icons/icon-tab-stake-act.png
2025-06-19 03:37:11 +0000  copying file ./Payload/KaitoYaps.app/assets/src/assets/images/icons/pretge-rank-default.png ... 
2025-06-19 03:37:11 +0000  188 bytes for ./Payload/KaitoYaps.app/assets/src/assets/images/icons/pretge-rank-default.png
2025-06-19 03:37:11 +0000  copying file ./Payload/KaitoYaps.app/assets/src/assets/images/icons/headmap_top3.png ... 
2025-06-19 03:37:11 +0000  2455 bytes for ./Payload/KaitoYaps.app/assets/src/assets/images/icons/headmap_top3.png
2025-06-19 03:37:11 +0000  copying file ./Payload/KaitoYaps.app/assets/src/assets/images/icons/preTge_selection@2x.png ... 
2025-06-19 03:37:11 +0000  265 bytes for ./Payload/KaitoYaps.app/assets/src/assets/images/icons/preTge_selection@2x.png
2025-06-19 03:37:11 +0000  copying file ./Payload/KaitoYaps.app/assets/src/assets/images/icons/icon-tab-yaps-act@2x.png ... 
2025-06-19 03:37:11 +0000  1302 bytes for ./Payload/KaitoYaps.app/assets/src/assets/images/icons/icon-tab-yaps-act@2x.png
2025-06-19 03:37:11 +0000  copying file ./Payload/KaitoYaps.app/assets/src/assets/images/icons/pretge-tip-icon@3x.png ... 
2025-06-19 03:37:11 +0000  808 bytes for ./Payload/KaitoYaps.app/assets/src/assets/images/icons/pretge-tip-icon@3x.png
2025-06-19 03:37:11 +0000  copying file ./Payload/KaitoYaps.app/assets/src/assets/images/icons/icon-tab-stake@3x.png ... 
2025-06-19 03:37:11 +0000  2901 bytes for ./Payload/KaitoYaps.app/assets/src/assets/images/icons/icon-tab-stake@3x.png
2025-06-19 03:37:11 +0000  copying file ./Payload/KaitoYaps.app/assets/src/assets/images/icons/headmap_top1.png ... 
2025-06-19 03:37:11 +0000  2072 bytes for ./Payload/KaitoYaps.app/assets/src/assets/images/icons/headmap_top1.png
2025-06-19 03:37:11 +0000  copying file ./Payload/KaitoYaps.app/assets/src/assets/images/icons/icon-close-alert@3x.png ... 
2025-06-19 03:37:11 +0000  1996 bytes for ./Payload/KaitoYaps.app/assets/src/assets/images/icons/icon-close-alert@3x.png
2025-06-19 03:37:11 +0000  copying file ./Payload/KaitoYaps.app/assets/src/assets/images/icons/icon-tab-stake.png ... 
2025-06-19 03:37:11 +0000  954 bytes for ./Payload/KaitoYaps.app/assets/src/assets/images/icons/icon-tab-stake.png
2025-06-19 03:37:11 +0000  copying file ./Payload/KaitoYaps.app/assets/src/assets/images/icons/icon-tab-profile-act.png ... 
2025-06-19 03:37:11 +0000  653 bytes for ./Payload/KaitoYaps.app/assets/src/assets/images/icons/icon-tab-profile-act.png
2025-06-19 03:37:11 +0000  copying file ./Payload/KaitoYaps.app/assets/src/assets/images/icons/icon-close-alert@2x.png ... 
2025-06-19 03:37:11 +0000  1336 bytes for ./Payload/KaitoYaps.app/assets/src/assets/images/icons/icon-close-alert@2x.png
2025-06-19 03:37:11 +0000  copying file ./Payload/KaitoYaps.app/assets/src/assets/images/icons/bottom_alert_check.png ... 
2025-06-19 03:37:11 +0000  388 bytes for ./Payload/KaitoYaps.app/assets/src/assets/images/icons/bottom_alert_check.png
copying file ./Payload/KaitoYaps.app/assets/src/assets/images/icons/botton_alert_cross.png ... 
2025-06-19 03:37:11 +0000  205 bytes for ./Payload/KaitoYaps.app/assets/src/assets/images/icons/botton_alert_cross.png
2025-06-19 03:37:11 +0000  copying file ./Payload/KaitoYaps.app/assets/src/assets/images/icons/icon-tab-stake@2x.png ... 
2025-06-19 03:37:11 +0000  1918 bytes for ./Payload/KaitoYaps.app/assets/src/assets/images/icons/icon-tab-stake@2x.png
2025-06-19 03:37:11 +0000  copying file ./Payload/KaitoYaps.app/assets/src/assets/images/icons/pretge-tip-icon@2x.png ... 
2025-06-19 03:37:11 +0000  541 bytes for ./Payload/KaitoYaps.app/assets/src/assets/images/icons/pretge-tip-icon@2x.png
2025-06-19 03:37:11 +0000  copying file ./Payload/KaitoYaps.app/assets/src/assets/images/icons/icon-tab-yaps-act@3x.png ... 
2025-06-19 03:37:11 +0000  2125 bytes for ./Payload/KaitoYaps.app/assets/src/assets/images/icons/icon-tab-yaps-act@3x.png
2025-06-19 03:37:11 +0000  copying file ./Payload/KaitoYaps.app/assets/src/assets/images/icons/preTge_selection@3x.png ... 
2025-06-19 03:37:11 +0000  271 bytes for ./Payload/KaitoYaps.app/assets/src/assets/images/icons/preTge_selection@3x.png
2025-06-19 03:37:11 +0000  copying file ./Payload/KaitoYaps.app/assets/src/assets/images/icons/pretge-tip-icon.png ... 
2025-06-19 03:37:11 +0000  316 bytes for ./Payload/KaitoYaps.app/assets/src/assets/images/icons/pretge-tip-icon.png
2025-06-19 03:37:11 +0000  copying file ./Payload/KaitoYaps.app/assets/src/assets/images/icons/triangle_down_red@3x.png ... 
2025-06-19 03:37:11 +0000  274 bytes for ./Payload/KaitoYaps.app/assets/src/assets/images/icons/triangle_down_red@3x.png
2025-06-19 03:37:11 +0000  copying file ./Payload/KaitoYaps.app/assets/src/assets/images/icons/pretge-report-option@3x.png ... 
2025-06-19 03:37:11 +0000  1808 bytes for ./Payload/KaitoYaps.app/assets/src/assets/images/icons/pretge-report-option@3x.png
copying file ./Payload/KaitoYaps.app/assets/src/assets/images/icons/pretge-rank-sortDesc@2x.png ... 
2025-06-19 03:37:11 +0000  313 bytes for ./Payload/KaitoYaps.app/assets/src/assets/images/icons/pretge-rank-sortDesc@2x.png
2025-06-19 03:37:11 +0000  copying file ./Payload/KaitoYaps.app/assets/src/assets/images/icons/icon-tab-profile-act@2x.png ... 
2025-06-19 03:37:11 +0000  1323 bytes for ./Payload/KaitoYaps.app/assets/src/assets/images/icons/icon-tab-profile-act@2x.png
2025-06-19 03:37:11 +0000  copying file ./Payload/KaitoYaps.app/assets/src/assets/images/icons/pretge-aiHelper-tip@3x.png ... 
2025-06-19 03:37:11 +0000  66344 bytes for ./Payload/KaitoYaps.app/assets/src/assets/images/icons/pretge-aiHelper-tip@3x.png
2025-06-19 03:37:11 +0000  copying file ./Payload/KaitoYaps.app/assets/src/assets/images/icons/icon-tab-profile@3x.png ... 
2025-06-19 03:37:11 +0000  2219 bytes for ./Payload/KaitoYaps.app/assets/src/assets/images/icons/icon-tab-profile@3x.png
2025-06-19 03:37:11 +0000  copying file ./Payload/KaitoYaps.app/assets/src/assets/images/icons/pretge-report-icon@3x.png ... 
2025-06-19 03:37:11 +0000  540 bytes for ./Payload/KaitoYaps.app/assets/src/assets/images/icons/pretge-report-icon@3x.png
2025-06-19 03:37:11 +0000  copying file ./Payload/KaitoYaps.app/assets/src/assets/images/icons/icon-tab-yaps@3x.png ... 
2025-06-19 03:37:11 +0000  2472 bytes for ./Payload/KaitoYaps.app/assets/src/assets/images/icons/icon-tab-yaps@3x.png
2025-06-19 03:37:11 +0000  copying file ./Payload/KaitoYaps.app/assets/src/assets/images/icons/icon-tab-yaps@2x.png ... 
2025-06-19 03:37:11 +0000  1614 bytes for ./Payload/KaitoYaps.app/assets/src/assets/images/icons/icon-tab-yaps@2x.png
2025-06-19 03:37:11 +0000  copying file ./Payload/KaitoYaps.app/assets/src/assets/images/icons/pretge-report-icon@2x.png ... 
2025-06-19 03:37:11 +0000  410 bytes for ./Payload/KaitoYaps.app/assets/src/assets/images/icons/pretge-report-icon@2x.png
2025-06-19 03:37:11 +0000  copying file ./Payload/KaitoYaps.app/assets/src/assets/images/icons/icon-tab-pre-tag-act.png ... 
2025-06-19 03:37:11 +0000  753 bytes for ./Payload/KaitoYaps.app/assets/src/assets/images/icons/icon-tab-pre-tag-act.png
2025-06-19 03:37:11 +0000  copying file ./Payload/KaitoYaps.app/assets/src/assets/images/icons/icon-tab-profile@2x.png ... 
2025-06-19 03:37:11 +0000  1510 bytes for ./Payload/KaitoYaps.app/assets/src/assets/images/icons/icon-tab-profile@2x.png
2025-06-19 03:37:11 +0000  copying file ./Payload/KaitoYaps.app/assets/src/assets/images/icons/pretge-vs.png ... 
2025-06-19 03:37:11 +0000  495 bytes for ./Payload/KaitoYaps.app/assets/src/assets/images/icons/pretge-vs.png
2025-06-19 03:37:11 +0000  copying file ./Payload/KaitoYaps.app/assets/src/assets/images/icons/pretge-aiHelper-tip@2x.png ... 
2025-06-19 03:37:11 +0000  33783 bytes for ./Payload/KaitoYaps.app/assets/src/assets/images/icons/pretge-aiHelper-tip@2x.png
2025-06-19 03:37:11 +0000  copying file ./Payload/KaitoYaps.app/assets/src/assets/images/icons/icon-tab-pre-tag.png ... 
2025-06-19 03:37:11 +0000  872 bytes for ./Payload/KaitoYaps.app/assets/src/assets/images/icons/icon-tab-pre-tag.png
2025-06-19 03:37:11 +0000  copying file ./Payload/KaitoYaps.app/assets/src/assets/images/icons/icon-tab-profile-act@3x.png ... 
2025-06-19 03:37:11 +0000  2042 bytes for ./Payload/KaitoYaps.app/assets/src/assets/images/icons/icon-tab-profile-act@3x.png
2025-06-19 03:37:11 +0000  copying file ./Payload/KaitoYaps.app/assets/src/assets/images/icons/pretge-rank-sortDesc@3x.png ... 
2025-06-19 03:37:11 +0000  402 bytes for ./Payload/KaitoYaps.app/assets/src/assets/images/icons/pretge-rank-sortDesc@3x.png
2025-06-19 03:37:11 +0000  copying file ./Payload/KaitoYaps.app/assets/src/assets/images/icons/pretge-report-option@2x.png ... 
2025-06-19 03:37:11 +0000  1268 bytes for ./Payload/KaitoYaps.app/assets/src/assets/images/icons/pretge-report-option@2x.png
2025-06-19 03:37:11 +0000  copying file ./Payload/KaitoYaps.app/assets/src/assets/images/icons/pretge-ai-helper.png ... 
2025-06-19 03:37:11 +0000  447 bytes for ./Payload/KaitoYaps.app/assets/src/assets/images/icons/pretge-ai-helper.png
2025-06-19 03:37:11 +0000  copying file ./Payload/KaitoYaps.app/assets/src/assets/images/icons/triangle_down_red@2x.png ... 
2025-06-19 03:37:11 +0000  236 bytes for ./Payload/KaitoYaps.app/assets/src/assets/images/icons/triangle_down_red@2x.png
2025-06-19 03:37:11 +0000  copying file ./Payload/KaitoYaps.app/assets/src/assets/images/icons/pretge-top-two.png ... 
2025-06-19 03:37:11 +0000  1219 bytes for ./Payload/KaitoYaps.app/assets/src/assets/images/icons/pretge-top-two.png
2025-06-19 03:37:11 +0000  copying file ./Payload/KaitoYaps.app/assets/src/assets/images/icons/pretge-report-list@3x.png ... 
2025-06-19 03:37:11 +0000  265 bytes for ./Payload/KaitoYaps.app/assets/src/assets/images/icons/pretge-report-list@3x.png
2025-06-19 03:37:11 +0000  copying file ./Payload/KaitoYaps.app/assets/src/assets/images/icons/pretge-report-option.png ... 
2025-06-19 03:37:11 +0000  703 bytes for ./Payload/KaitoYaps.app/assets/src/assets/images/icons/pretge-report-option.png
2025-06-19 03:37:11 +0000  copying file ./Payload/KaitoYaps.app/assets/src/assets/images/icons/pretge-report-list.png ... 
2025-06-19 03:37:11 +0000  197 bytes for ./Payload/KaitoYaps.app/assets/src/assets/images/icons/pretge-report-list.png
copying file ./Payload/KaitoYaps.app/assets/src/assets/images/icons/bottom_alert_check@3x.png ... 
2025-06-19 03:37:11 +0000  932 bytes for ./Payload/KaitoYaps.app/assets/src/assets/images/icons/bottom_alert_check@3x.png
2025-06-19 03:37:11 +0000  copying file ./Payload/KaitoYaps.app/assets/src/assets/images/icons/pretge-top-two@3x.png ... 
2025-06-19 03:37:11 +0000  4923 bytes for ./Payload/KaitoYaps.app/assets/src/assets/images/icons/pretge-top-two@3x.png
2025-06-19 03:37:11 +0000  copying file ./Payload/KaitoYaps.app/assets/src/assets/images/icons/pretge-rank-sortAsc@3x.png ... 
2025-06-19 03:37:11 +0000  367 bytes for ./Payload/KaitoYaps.app/assets/src/assets/images/icons/pretge-rank-sortAsc@3x.png
copying file ./Payload/KaitoYaps.app/assets/src/assets/images/icons/pretge-rank-sortAsc@2x.png ... 
2025-06-19 03:37:11 +0000  314 bytes for ./Payload/KaitoYaps.app/assets/src/assets/images/icons/pretge-rank-sortAsc@2x.png
2025-06-19 03:37:11 +0000  copying file ./Payload/KaitoYaps.app/assets/src/assets/images/icons/triangle_up_green.png ... 
2025-06-19 03:37:11 +0000  179 bytes for ./Payload/KaitoYaps.app/assets/src/assets/images/icons/triangle_up_green.png
copying file ./Payload/KaitoYaps.app/assets/src/assets/images/icons/pretge-top-two@2x.png ... 
2025-06-19 03:37:11 +0000  2822 bytes for ./Payload/KaitoYaps.app/assets/src/assets/images/icons/pretge-top-two@2x.png
2025-06-19 03:37:11 +0000  copying file ./Payload/KaitoYaps.app/assets/src/assets/images/icons/bottom_alert_check@2x.png ... 
2025-06-19 03:37:11 +0000  678 bytes for ./Payload/KaitoYaps.app/assets/src/assets/images/icons/bottom_alert_check@2x.png
2025-06-19 03:37:11 +0000  copying file ./Payload/KaitoYaps.app/assets/src/assets/images/icons/pretge-top-one.png ... 
2025-06-19 03:37:11 +0000  1207 bytes for ./Payload/KaitoYaps.app/assets/src/assets/images/icons/pretge-top-one.png
2025-06-19 03:37:11 +0000  copying file ./Payload/KaitoYaps.app/assets/src/assets/images/icons/icon-tab-yaps-act.png ... 
2025-06-19 03:37:11 +0000  718 bytes for ./Payload/KaitoYaps.app/assets/src/assets/images/icons/icon-tab-yaps-act.png
2025-06-19 03:37:11 +0000  copying file ./Payload/KaitoYaps.app/assets/src/assets/images/icons/pretge-rank-sortDesc.png ... 
2025-06-19 03:37:11 +0000  209 bytes for ./Payload/KaitoYaps.app/assets/src/assets/images/icons/pretge-rank-sortDesc.png
2025-06-19 03:37:11 +0000  copying file ./Payload/KaitoYaps.app/assets/src/assets/images/icons/icon-tab-yaps.png ... 
2025-06-19 03:37:11 +0000  793 bytes for ./Payload/KaitoYaps.app/assets/src/assets/images/icons/icon-tab-yaps.png
2025-06-19 03:37:11 +0000  copying file ./Payload/KaitoYaps.app/assets/src/assets/images/icons/icon-tab-profile.png ... 
2025-06-19 03:37:11 +0000  765 bytes for ./Payload/KaitoYaps.app/assets/src/assets/images/icons/icon-tab-profile.png
2025-06-19 03:37:11 +0000  copying file ./Payload/KaitoYaps.app/assets/src/assets/images/icons/triangle_down_red.png ... 
2025-06-19 03:37:11 +0000  184 bytes for ./Payload/KaitoYaps.app/assets/src/assets/images/icons/triangle_down_red.png
2025-06-19 03:37:11 +0000  copying file ./Payload/KaitoYaps.app/assets/src/assets/images/icons/pretge-report-list@2x.png ... 
2025-06-19 03:37:11 +0000  301 bytes for ./Payload/KaitoYaps.app/assets/src/assets/images/icons/pretge-report-list@2x.png
2025-06-19 03:37:11 +0000  copying file ./Payload/KaitoYaps.app/assets/src/assets/images/icons/pretge-ai-helper@2x.png ... 
2025-06-19 03:37:11 +0000  919 bytes for ./Payload/KaitoYaps.app/assets/src/assets/images/icons/pretge-ai-helper@2x.png
2025-06-19 03:37:11 +0000  copying file ./Payload/KaitoYaps.app/assets/src/assets/images/icons/pretge-top-three@3x.png ... 
2025-06-19 03:37:11 +0000  5668 bytes for ./Payload/KaitoYaps.app/assets/src/assets/images/icons/pretge-top-three@3x.png
2025-06-19 03:37:11 +0000  copying file ./Payload/KaitoYaps.app/assets/src/assets/images/icons/preTge_selection.png ... 
2025-06-19 03:37:11 +0000  195 bytes for ./Payload/KaitoYaps.app/assets/src/assets/images/icons/preTge_selection.png
2025-06-19 03:37:11 +0000  copying file ./Payload/KaitoYaps.app/assets/src/assets/images/icons/triangle_up_green@3x.png ... 
2025-06-19 03:37:11 +0000  259 bytes for ./Payload/KaitoYaps.app/assets/src/assets/images/icons/triangle_up_green@3x.png
2025-06-19 03:37:11 +0000  copying file ./Payload/KaitoYaps.app/assets/src/assets/images/icons/pretge-top-three.png ... 
2025-06-19 03:37:11 +0000  1318 bytes for ./Payload/KaitoYaps.app/assets/src/assets/images/icons/pretge-top-three.png
2025-06-19 03:37:11 +0000  copying file ./Payload/KaitoYaps.app/assets/src/assets/images/icons/pretge-top-one@3x.png ... 
2025-06-19 03:37:11 +0000  5680 bytes for ./Payload/KaitoYaps.app/assets/src/assets/images/icons/pretge-top-one@3x.png
2025-06-19 03:37:11 +0000  copying file ./Payload/KaitoYaps.app/assets/src/assets/images/icons/pretge-rank-sortAsc.png ... 
2025-06-19 03:37:11 +0000  202 bytes for ./Payload/KaitoYaps.app/assets/src/assets/images/icons/pretge-rank-sortAsc.png
copying file ./Payload/KaitoYaps.app/assets/src/assets/images/icons/icon-tab-pre-tag@3x.png ... 
2025-06-19 03:37:11 +0000  2591 bytes for ./Payload/KaitoYaps.app/assets/src/assets/images/icons/icon-tab-pre-tag@3x.png
2025-06-19 03:37:11 +0000  copying file ./Payload/KaitoYaps.app/assets/src/assets/images/icons/icon-tab-stake-act@3x.png ... 
2025-06-19 03:37:11 +0000  2334 bytes for ./Payload/KaitoYaps.app/assets/src/assets/images/icons/icon-tab-stake-act@3x.png
2025-06-19 03:37:11 +0000  copying file ./Payload/KaitoYaps.app/assets/src/assets/images/icons/headmap_top1@3x.png ... 
2025-06-19 03:37:11 +0000  10516 bytes for ./Payload/KaitoYaps.app/assets/src/assets/images/icons/headmap_top1@3x.png
2025-06-19 03:37:11 +0000  copying file ./Payload/KaitoYaps.app/assets/src/assets/images/icons/pretge-aiHelper-tip.png ... 
2025-06-19 03:37:11 +0000  10684 bytes for ./Payload/KaitoYaps.app/assets/src/assets/images/icons/pretge-aiHelper-tip.png
2025-06-19 03:37:11 +0000  copying file ./Payload/KaitoYaps.app/assets/src/assets/images/icons/icon-tab-pre-tag-act@2x.png ... 
2025-06-19 03:37:11 +0000  1549 bytes for ./Payload/KaitoYaps.app/assets/src/assets/images/icons/icon-tab-pre-tag-act@2x.png
2025-06-19 03:37:11 +0000  copying file ./Payload/KaitoYaps.app/assets/src/assets/images/icons/pretge-vs@2x.png ... 
2025-06-19 03:37:11 +0000  1050 bytes for ./Payload/KaitoYaps.app/assets/src/assets/images/icons/pretge-vs@2x.png
2025-06-19 03:37:11 +0000  copying file ./Payload/KaitoYaps.app/assets/src/assets/images/icons/pretge-rank-default@3x.png ... 
2025-06-19 03:37:11 +0000  342 bytes for ./Payload/KaitoYaps.app/assets/src/assets/images/icons/pretge-rank-default@3x.png
2025-06-19 03:37:11 +0000  copying file ./Payload/KaitoYaps.app/assets/src/assets/images/icons/headmap_top3@2x.png ... 
2025-06-19 03:37:11 +0000  6935 bytes for ./Payload/KaitoYaps.app/assets/src/assets/images/icons/headmap_top3@2x.png
2025-06-19 03:37:11 +0000  copying file ./Payload/KaitoYaps.app/assets/src/assets/images/icons/botton_alert_cross@3x.png ... 
2025-06-19 03:37:11 +0000  418 bytes for ./Payload/KaitoYaps.app/assets/src/assets/images/icons/botton_alert_cross@3x.png
copying file ./Payload/KaitoYaps.app/assets/src/assets/images/icons/headmap_top3@3x.png ... 
2025-06-19 03:37:11 +0000  13155 bytes for ./Payload/KaitoYaps.app/assets/src/assets/images/icons/headmap_top3@3x.png
2025-06-19 03:37:11 +0000  copying file ./Payload/KaitoYaps.app/assets/src/assets/images/icons/botton_alert_cross@2x.png ... 
2025-06-19 03:37:11 +0000  312 bytes for ./Payload/KaitoYaps.app/assets/src/assets/images/icons/botton_alert_cross@2x.png
copying file ./Payload/KaitoYaps.app/assets/src/assets/images/icons/pretge-rank-default@2x.png ... 
2025-06-19 03:37:11 +0000  280 bytes for ./Payload/KaitoYaps.app/assets/src/assets/images/icons/pretge-rank-default@2x.png
2025-06-19 03:37:11 +0000  copying file ./Payload/KaitoYaps.app/assets/src/assets/images/icons/pretge-vs@3x.png ... 
2025-06-19 03:37:11 +0000  1718 bytes for ./Payload/KaitoYaps.app/assets/src/assets/images/icons/pretge-vs@3x.png
2025-06-19 03:37:11 +0000  copying file ./Payload/KaitoYaps.app/assets/src/assets/images/icons/icon-tab-pre-tag-act@3x.png ... 
2025-06-19 03:37:11 +0000  2294 bytes for ./Payload/KaitoYaps.app/assets/src/assets/images/icons/icon-tab-pre-tag-act@3x.png
2025-06-19 03:37:11 +0000  copying file ./Payload/KaitoYaps.app/assets/src/assets/images/icons/headmap_top1@2x.png ... 
2025-06-19 03:37:11 +0000  5586 bytes for ./Payload/KaitoYaps.app/assets/src/assets/images/icons/headmap_top1@2x.png
2025-06-19 03:37:11 +0000  copying file ./Payload/KaitoYaps.app/assets/src/assets/images/icons/icon-tab-stake-act@2x.png ... 
2025-06-19 03:37:11 +0000  1552 bytes for ./Payload/KaitoYaps.app/assets/src/assets/images/icons/icon-tab-stake-act@2x.png
2025-06-19 03:37:11 +0000  copying file ./Payload/KaitoYaps.app/assets/src/assets/images/icons/icon-tab-pre-tag@2x.png ... 
2025-06-19 03:37:11 +0000  1732 bytes for ./Payload/KaitoYaps.app/assets/src/assets/images/icons/icon-tab-pre-tag@2x.png
2025-06-19 03:37:11 +0000  copying file ./Payload/KaitoYaps.app/assets/src/assets/images/icons/pretge-top-one@2x.png ... 
2025-06-19 03:37:11 +0000  3154 bytes for ./Payload/KaitoYaps.app/assets/src/assets/images/icons/pretge-top-one@2x.png
2025-06-19 03:37:11 +0000  copying file ./Payload/KaitoYaps.app/assets/src/assets/images/icons/triangle_up_green@2x.png ... 
2025-06-19 03:37:11 +0000  225 bytes for ./Payload/KaitoYaps.app/assets/src/assets/images/icons/triangle_up_green@2x.png
2025-06-19 03:37:11 +0000  copying file ./Payload/KaitoYaps.app/assets/src/assets/images/icons/pretge-ai-helper@3x.png ... 
2025-06-19 03:37:11 +0000  1463 bytes for ./Payload/KaitoYaps.app/assets/src/assets/images/icons/pretge-ai-helper@3x.png
2025-06-19 03:37:11 +0000  copying file ./Payload/KaitoYaps.app/assets/src/assets/images/icons/pretge-top-three@2x.png ... 
2025-06-19 03:37:11 +0000  3174 bytes for ./Payload/KaitoYaps.app/assets/src/assets/images/icons/pretge-top-three@2x.png
2025-06-19 03:37:11 +0000  copying file ./Payload/KaitoYaps.app/assets/src/assets/images/icons/pretge-report-icon.png ... 
286 bytes for ./Payload/KaitoYaps.app/assets/src/assets/images/icons/pretge-report-icon.png
2025-06-19 03:37:11 +0000  copying file ./Payload/KaitoYaps.app/assets/src/assets/images/icons/icon-close-alert.png ... 
2025-06-19 03:37:11 +0000  741 bytes for ./Payload/KaitoYaps.app/assets/src/assets/images/icons/icon-close-alert.png
2025-06-19 03:37:11 +0000  copying file ./Payload/KaitoYaps.app/assets/src/assets/images/icon_back@2x.png ... 
2025-06-19 03:37:11 +0000  352 bytes for ./Payload/KaitoYaps.app/assets/src/assets/images/icon_back@2x.png
2025-06-19 03:37:11 +0000  copying file ./Payload/KaitoYaps.app/assets/src/assets/images/banner/pre-tge-banner.png ... 
2025-06-19 03:37:11 +0000  35638 bytes for ./Payload/KaitoYaps.app/assets/src/assets/images/banner/pre-tge-banner.png
2025-06-19 03:37:11 +0000  copying file ./Payload/KaitoYaps.app/assets/src/assets/images/banner/pre-tge-banner@3x.png ... 
2025-06-19 03:37:11 +0000  233433 bytes for ./Payload/KaitoYaps.app/assets/src/assets/images/banner/pre-tge-banner@3x.png
2025-06-19 03:37:11 +0000  copying file ./Payload/KaitoYaps.app/assets/src/assets/images/banner/pre-tge-banner@2x.png ... 
2025-06-19 03:37:11 +0000  119710 bytes for ./Payload/KaitoYaps.app/assets/src/assets/images/banner/pre-tge-banner@2x.png
2025-06-19 03:37:11 +0000  copying file ./Payload/KaitoYaps.app/assets/src/assets/images/gif/loading.gif ... 
2025-06-19 03:37:11 +0000  96944 bytes for ./Payload/KaitoYaps.app/assets/src/assets/images/gif/loading.gif
2025-06-19 03:37:11 +0000  copying file ./Payload/KaitoYaps.app/Info.plist ... 
2025-06-19 03:37:11 +0000  1227 bytes for ./Payload/KaitoYaps.app/Info.plist
2025-06-19 03:37:11 +0000  copying file ./Payload/KaitoYaps.app/RNCAsyncStorage_resources.bundle/PrivacyInfo.xcprivacy ... 
2025-06-19 03:37:11 +0000  512 bytes for ./Payload/KaitoYaps.app/RNCAsyncStorage_resources.bundle/PrivacyInfo.xcprivacy
2025-06-19 03:37:11 +0000  copying file ./Payload/KaitoYaps.app/RNCAsyncStorage_resources.bundle/Info.plist ... 
2025-06-19 03:37:11 +0000  797 bytes for ./Payload/KaitoYaps.app/RNCAsyncStorage_resources.bundle/Info.plist
2025-06-19 03:37:11 +0000  copying file ./Payload/KaitoYaps.app/PkgInfo ... 
2025-06-19 03:37:11 +0000  8 bytes for ./Payload/KaitoYaps.app/PkgInfo
2025-06-19 03:37:11 +0000  copying file ./Payload/KaitoYaps.app/React-Core_privacy.bundle/PrivacyInfo.xcprivacy ... 
2025-06-19 03:37:11 +0000  768 bytes for ./Payload/KaitoYaps.app/React-Core_privacy.bundle/PrivacyInfo.xcprivacy
2025-06-19 03:37:11 +0000  copying file ./Payload/KaitoYaps.app/React-Core_privacy.bundle/Info.plist ... 
2025-06-19 03:37:11 +0000  784 bytes for ./Payload/KaitoYaps.app/React-Core_privacy.bundle/Info.plist
2025-06-19 03:37:11 +0000  /usr/bin/ditto exited with 0
2025-06-19 03:37:11 +0000  Processing step: IDEDistributionAppStoreInformationStep
2025-06-19 03:37:11 +0000  Skipping step: IDEDistributionAppStoreInformationStep because it said so
2025-06-19 03:37:11 +0000  Processing step: IDEDistributionGenerateProcessedDistributionItems
2025-06-19 03:37:11 +0000  IDEDistributionItem init <DVTFilePath:0x60003cc91180:'/var/folders/c8/_pmcyjjd4mgb5d0mwrt5f32c0000gn/T/XcodeDistPipeline.~~~LC293c/Root/Payload/KaitoYaps.app/Frameworks/hermes.framework'>
2025-06-19 03:37:11 +0000  IDEDistributionItem init <DVTFilePath:0x6000703bcae0:'/var/folders/c8/_pmcyjjd4mgb5d0mwrt5f32c0000gn/T/XcodeDistPipeline.~~~LC293c/Root/Payload/KaitoYaps.app'>
2025-06-19 03:37:11 +0000  Processing step: IDEDistributionCreateManifestStep
